<?xml version="1.0" encoding="UTF-8"?>
<!-- Generated by org.testng.reporters.JUnitXMLReporter -->
<testsuite ignored="0" hostname="Lenovo" failures="2" tests="4" name="Test" time="59.701" errors="0" timestamp="2024-12-18T15:50:09 IST">
  <testcase classname="testcases.TC03_LoginDataProvider" name="verifyLoginDDT" time="6.634"/>
  <testcase classname="testcases.TC03_LoginDataProvider" name="verifyLoginDDT" time="4.526">
    <failure type="java.lang.AssertionError" message="expected [true] but found [false]">
      <![CDATA[java.lang.AssertionError: expected [true] but found [false]
at testcases.TC03_LoginDataProvider.verifyLoginDDT(TC03_LoginDataProvider.java:48)
at java.base/java.util.ArrayList.forEach(ArrayList.java:1597)
... Removed 29 stack frames]]>
    </failure>
  </testcase> <!-- verifyLoginDDT -->
  <testcase classname="testcases.TC03_LoginDataProvider" name="verifyLoginDDT" time="4.583">
    <failure type="java.lang.AssertionError" message="expected [true] but found [false]">
      <![CDATA[java.lang.AssertionError: expected [true] but found [false]
at testcases.TC03_LoginDataProvider.verifyLoginDDT(TC03_LoginDataProvider.java:48)
at java.base/java.util.ArrayList.forEach(ArrayList.java:1597)
... Removed 29 stack frames]]>
    </failure>
  </testcase> <!-- verifyLoginDDT -->
  <testcase classname="testcases.TC03_LoginDataProvider" name="verifyLoginDDT" time="4.11"/>
</testsuite> <!-- Test -->
